UNKNOWN                                                          NOLOG4J    NOFILE     test/broken/brokenlink.jar
UNKNOWN                                                          NOLOG4J    EMPTY      test/broken/emptyfile.jar
UNKNOWN                                                          NOLOG4J    NOZIP      test/broken/invalid.jar
UNKNOWN                                                          NOLOG4J    NOZIP      test/broken/invalid2.jar
84057480ba7da6fb6d9ea50c53a00848315833c1f34bf8f4a47f11a14499ae3f 2.16.0     LOG4J      test/dir/log4j-core-2.16.0b.jar
e4abe8708d914d20887d0704ea42b1914eb50e638c3016d8f8d312b39592a768 2.13.3     LOG4J      test/dir/velocity-1.1.9.jar
UNKNOWN                                                          2.13.3     WORKAROUND test/dir2/velocity-1.1.9.jar
e4abe8708d914d20887d0704ea42b1914eb50e638c3016d8f8d312b39592a768 2.13.3     LOG4J      test/dir3/velocity-1.1.9.jar
UNKNOWN                                                          2.0.0-alph WORKAROUND test/file/log4j-core-2.0-alpha1.jar
UNKNOWN                                                          2.0.0-beta WORKAROUND test/file/log4j-core-2.0-beta6.jar
UNKNOWN                                                          2.0.0-beta WORKAROUND test/file/log4j-core-2.0-beta1.jar
UNKNOWN                                                          2.0.0-beta WORKAROUND test/file/log4j-core-2.0-beta4.jar
UNKNOWN                                                          2.0.0-beta WORKAROUND test/file/log4j-core-2.0-beta7.jar
UNKNOWN                                                          2.0.0-beta WORKAROUND test/file/log4j-core-2.0-beta3.jar
UNKNOWN                                                          2.0.0-beta WORKAROUND test/file/log4j-core-2.0-beta8.jar
39a495034d37c7934b64a9aa686ea06b61df21aa222044cc50a47d6903ba1ca8 2.0.0-rc1  LOG4J      test/file/log4j-core-2.0-rc1.jar
39a495034d37c7934b64a9aa686ea06b61df21aa222044cc50a47d6903ba1ca8 2.0.0-beta LOG4J      test/file/log4j-core-2.0-beta9.jar
964fa0bf8c045097247fa0c973e0c167df08720409fd9e44546e0ceda3925f3e 2.0.1      LOG4J      test/file/log4j-core-2.0.1.jar
9626798cce6abd0f2ffef89f1a3d0092a60d34a837a02bbe571dbe00236a2c8c 2.0.2      LOG4J      test/file/log4j-core-2.0.2.jar
fd6c63c11f7a6b52eff04be1de3477c9ddbbc925022f7216320e6db93f1b7d29 2.0.0      LOG4J      test/file/log4j-core-2.0.jar
a768e5383990b512f9d4f97217eda94031c2fa4aea122585f5a475ab99dc7307 2.1.0      LOG4J      test/file/log4j-core-2.1.jar
UNKNOWN                                                          2.0.0-alph WORKAROUND test/file/log4j-core-2.0-alpha2.jar
UNKNOWN                                                          2.0.0-beta WORKAROUND test/file/log4j-core-2.0-beta2.jar
UNKNOWN                                                          2.0.0-beta WORKAROUND test/file/log4j-core-2.0-beta5.jar
5c104d16ff9831b456e4d7eaf66bcf531f086767782d08eece3fb37e40467279 2.12.1     LOG4J      test/file/log4j-core-2.12.1.jar
0f038a1e0aa0aff76d66d1440c88a2b35a3d023ad8b2e3bac8e25a3208499f7e 2.10.0     LOG4J      test/file/log4j-core-2.10.0.jar
0f038a1e0aa0aff76d66d1440c88a2b35a3d023ad8b2e3bac8e25a3208499f7e 2.11.2     LOG4J      test/file/log4j-core-2.11.2.jar
febbc7867784d0f06934fec59df55ee45f6b24c55b17fff71cc4fca80bf22ebb 2.12.2     LOG4J      test/file/log4j-core-2.12.2.jar
a03e538ed25eff6c4fe48aabc5514e5ee687542f29f2206256840e74ed59bcd2 2.0.0-rc2  LOG4J      test/file/log4j-core-2.0-rc2.jar
2b32bfc0556ea59307b9b2fde75b6dfbb5bf4f1d008d1402bc9a2357d8a8c61f 2.13.1     LOG4J      test/file/log4j-core-2.13.1.jar
2b32bfc0556ea59307b9b2fde75b6dfbb5bf4f1d008d1402bc9a2357d8a8c61f 2.13.2     LOG4J      test/file/log4j-core-2.13.2.jar
edb797a8633f629b7c2187ccafd259a16a0b7b4cce4d42e646f8472358b8962a 2.12.3     LOG4J      test/file/log4j-core-2.12.3.jar
2b32bfc0556ea59307b9b2fde75b6dfbb5bf4f1d008d1402bc9a2357d8a8c61f 2.13.0     LOG4J      test/file/log4j-core-2.13.0.jar
0f038a1e0aa0aff76d66d1440c88a2b35a3d023ad8b2e3bac8e25a3208499f7e 2.11.1     LOG4J      test/file/log4j-core-2.11.1.jar
5c104d16ff9831b456e4d7eaf66bcf531f086767782d08eece3fb37e40467279 2.12.0     LOG4J      test/file/log4j-core-2.12.0.jar
84057480ba7da6fb6d9ea50c53a00848315833c1f34bf8f4a47f11a14499ae3f 2.14.0     LOG4J      test/file/log4j-core-2.14.0.jar
a768e5383990b512f9d4f97217eda94031c2fa4aea122585f5a475ab99dc7307 2.2.0      LOG4J      test/file/log4j-core-2.2.jar
0ad99a95ff637fc966fc4ce5fe1f9e78d3b24b113282f9990b95a6fde3383d9c 2.3.1      LOG4J      test/file/log4j-core-2.3.1.jar
a768e5383990b512f9d4f97217eda94031c2fa4aea122585f5a475ab99dc7307 2.3.0      LOG4J      test/file/log4j-core-2.3.jar
a534961bbfce93966496f86c9314f46939fd082bb89986b48b7430c3bea903f7 2.4.0      LOG4J      test/file/log4j-core-2.4.jar
a534961bbfce93966496f86c9314f46939fd082bb89986b48b7430c3bea903f7 2.5.0      LOG4J      test/file/log4j-core-2.5.jar
a534961bbfce93966496f86c9314f46939fd082bb89986b48b7430c3bea903f7 2.4.1      LOG4J      test/file/log4j-core-2.4.1.jar
e8ffed196e04f81b015f847d4ec61f22f6731c11b5a21b1cfc45ccbc58b8ea45 2.6.1      LOG4J      test/file/log4j-core-2.6.1.jar
0f038a1e0aa0aff76d66d1440c88a2b35a3d023ad8b2e3bac8e25a3208499f7e 2.11.0     LOG4J      test/file/log4j-core-2.11.0.jar
e8ffed196e04f81b015f847d4ec61f22f6731c11b5a21b1cfc45ccbc58b8ea45 2.6.0      LOG4J      test/file/log4j-core-2.6.jar
84057480ba7da6fb6d9ea50c53a00848315833c1f34bf8f4a47f11a14499ae3f 2.15.0     LOG4J      test/file/log4j-core-2.15.0.jar
cee2305065bb61d434cdb45cfdaa46e7da148e5c6a7678d56f3e3dc8d7073eae 2.7.0      LOG4J      test/file/log4j-core-2.7.jar
66c89e2d5ae674641138858b571e65824df6873abb1677f7b2ef5c0dd4dbc442 2.8.0      LOG4J      test/file/log4j-core-2.8.jar
ddad241274b834182525eeddc35c3198247507bd2df59645b58b94cd18fada7c 2.17.0     LOG4J      test/file/log4j-core-2.17.0.jar
66c89e2d5ae674641138858b571e65824df6873abb1677f7b2ef5c0dd4dbc442 2.8.1      LOG4J      test/file/log4j-core-2.8.1.jar
UNKNOWN                                                          NOLOG4J    NOLOG4J    test/file/spring-2.5.6.SEC03-sources.jar
0f038a1e0aa0aff76d66d1440c88a2b35a3d023ad8b2e3bac8e25a3208499f7e 2.9.0      LOG4J      test/file/log4j-core-2.9.0.jar
d4ec57440cd6db6eaf6bcb6b197f1cbaf5a3e26253d59578d51db307357cbf15 2.8.2      LOG4J      test/file/log4j-core-2.8.2.jar
2b32bfc0556ea59307b9b2fde75b6dfbb5bf4f1d008d1402bc9a2357d8a8c61f 2.13.3     LOG4J      test/file/log4j-core-2.13.3.jar
84057480ba7da6fb6d9ea50c53a00848315833c1f34bf8f4a47f11a14499ae3f 2.16.0     LOG4J      test/file/log4j-core-2.16.0.jar
e8ffed196e04f81b015f847d4ec61f22f6731c11b5a21b1cfc45ccbc58b8ea45 2.6.2      LOG4J      test/file/log4j-core-2.6.2.jar
0f038a1e0aa0aff76d66d1440c88a2b35a3d023ad8b2e3bac8e25a3208499f7e 2.9.1      LOG4J      test/file/log4j-core-2.9.1.jar
84057480ba7da6fb6d9ea50c53a00848315833c1f34bf8f4a47f11a14499ae3f 2.14.1     LOG4J      test/file/log4j-core-2.14.1.jar
e4abe8708d914d20887d0704ea42b1914eb50e638c3016d8f8d312b39592a768 2.13.3     LOG4J      test/file/velocity-1.1.9.war
